Vivado Simulator v2025.1.0
Copyright 1986-2022 Xilinx, Inc. All Rights Reserved.
Copyright 2022-2025 Advanced Micro Devices, Inc. All Rights Reserved.
Running: C:/Xilinx/2025.1/Vivado/bin/unwrapped/win64.o/xelab.exe --incr --debug typical --relax --mt 2 -L xil_defaultlib -L unisims_ver -L unimacro_ver -L secureip -L xpm --snapshot aes_top_behav xil_defaultlib.aes_top xil_defaultlib.glbl -log elaborate.log 
Using 2 slave threads.
Starting static elaboration
Pass Through NonSizing Optimizer
Completed static elaboration
Starting simulation data flow analysis
Completed simulation data flow analysis
Time Resolution for simulation is 1ps
Compiling module xil_defaultlib.sbox
Compiling module xil_defaultlib.subbytes_default
Compiling module xil_defaultlib.shiftrows
Compiling module xil_defaultlib.mixcolumns
Compiling module xil_defaultlib.AES_round
Compiling module xil_defaultlib.ila_0
Compiling module xil_defaultlib.aes_top
Compiling module xil_defaultlib.glbl
Built simulation snapshot aes_top_behav
