
*** Running vivado
    with args -log aes_decrypt_top.vds -m64 -product Vivado -mode batch -messageDb vivado.pb -notrace -source aes_decrypt_top.tcl



****** Vivado v2025.1 (64-bit)
  **** SW Build 6140274 on Thu May 22 00:12:29 MDT 2025
  **** IP Build 6138677 on Thu May 22 03:10:11 MDT 2025
  **** SharedData Build 6139179 on Tue May 20 17:58:58 MDT 2025
  **** Start of session at: Wed May 20 15:57:34 2026
    ** Copyright 1986-2022 Xilinx, Inc. All Rights Reserved.
    ** Copyright 2022-2025 Advanced Micro Devices, Inc. All Rights Reserved.

source aes_decrypt_top.tcl -notrace
create_project: Time (s): cpu = 00:00:16 ; elapsed = 00:00:13 . Memory (MB): peak = 577.648 ; gain = 212.637
Command: read_checkpoint -auto_incremental -incremental C:/Users/jatin/aes_decryption/aes_decryption.srcs/utils_1/imports/synth_1/aes_decrypt_top.dcp
INFO: [Vivado 12-5825] Read reference checkpoint from C:/Users/jatin/aes_decryption/aes_decryption.srcs/utils_1/imports/synth_1/aes_decrypt_top.dcp for incremental synthesis
INFO: [Vivado 12-7989] Please ensure there are no constraint changes
Command: synth_design -top aes_decrypt_top -part xc7a100tcsg324-1
Starting synth_design
Attempting to get a license for feature 'Synthesis' and/or device 'xc7a100t'
INFO: [Common 17-349] Got license for feature 'Synthesis' and/or device 'xc7a100t'
INFO: [Device 21-403] Loading part xc7a100tcsg324-1
INFO: [Designutils 20-5440] No compile time benefit to using incremental synthesis; A full resynthesis will be run
INFO: [Designutils 20-4379] Flow is switching to default flow due to incremental criteria not met. If you would like to alter this behaviour and have the flow terminate instead, please set the following parameter config_implementation {autoIncr.Synth.RejectBehavior Terminate}
INFO: [Synth 8-7079] Multithreading enabled for synth_design using a maximum of 2 processes.
INFO: [Synth 8-7078] Launching helper process for spawning children vivado processes
INFO: [Synth 8-7075] Helper process launched with PID 15244
---------------------------------------------------------------------------------
Starting RTL Elaboration : Time (s): cpu = 00:00:11 ; elapsed = 00:00:12 . Memory (MB): peak = 1309.496 ; gain = 492.938
---------------------------------------------------------------------------------
INFO: [Synth 8-6157] synthesizing module 'aes_decrypt_top' [C:/Users/jatin/aes_decryption/aes_decryption.srcs/sources_1/new/aes_top_decrypt.v:7]
INFO: [Synth 8-6157] synthesizing module 'AES_decrypt_round' [C:/Users/jatin/aes_decryption/aes_decryption.srcs/sources_1/new/aes_decrypt_round.v:7]
INFO: [Synth 8-6157] synthesizing module 'InvMixColumns' [C:/Users/jatin/aes_decryption/aes_decryption.srcs/sources_1/new/inv_mixcolumns.v:23]
INFO: [Synth 8-6155] done synthesizing module 'InvMixColumns' (0#1) [C:/Users/jatin/aes_decryption/aes_decryption.srcs/sources_1/new/inv_mixcolumns.v:23]
INFO: [Synth 8-6157] synthesizing module 'inv_shiftrows' [C:/Users/jatin/aes_decryption/aes_decryption.srcs/sources_1/new/inv_shiftrows.v:1]
INFO: [Synth 8-6155] done synthesizing module 'inv_shiftrows' (0#1) [C:/Users/jatin/aes_decryption/aes_decryption.srcs/sources_1/new/inv_shiftrows.v:1]
INFO: [Synth 8-6157] synthesizing module 'inv_subbytes' [C:/Users/jatin/aes_decryption/aes_decryption.srcs/sources_1/new/inv_subbytes.v:1]
INFO: [Synth 8-6157] synthesizing module 'inv_sbox' [C:/Users/jatin/aes_decryption/aes_decryption.srcs/sources_1/new/inv_sbox.v:1]
INFO: [Synth 8-3876] $readmem data file 'inv_sbox.mem' is read successfully [C:/Users/jatin/aes_decryption/aes_decryption.srcs/sources_1/new/inv_sbox.v:13]
INFO: [Synth 8-6155] done synthesizing module 'inv_sbox' (0#1) [C:/Users/jatin/aes_decryption/aes_decryption.srcs/sources_1/new/inv_sbox.v:1]
INFO: [Synth 8-6155] done synthesizing module 'inv_subbytes' (0#1) [C:/Users/jatin/aes_decryption/aes_decryption.srcs/sources_1/new/inv_subbytes.v:1]
INFO: [Synth 8-6155] done synthesizing module 'AES_decrypt_round' (0#1) [C:/Users/jatin/aes_decryption/aes_decryption.srcs/sources_1/new/aes_decrypt_round.v:7]
WARNING: [Synth 8-4446] all outputs are unconnected for this instance and logic may be removed [C:/Users/jatin/aes_decryption/aes_decryption.srcs/sources_1/new/aes_top_decrypt.v:83]
INFO: [Synth 8-6157] synthesizing module 'ila_0' [C:/Users/jatin/aes_decryption/aes_decryption.runs/synth_1/.Xil/Vivado-18500-Conolas/realtime/ila_0_stub.v:6]
INFO: [Synth 8-6155] done synthesizing module 'ila_0' (0#1) [C:/Users/jatin/aes_decryption/aes_decryption.runs/synth_1/.Xil/Vivado-18500-Conolas/realtime/ila_0_stub.v:6]
INFO: [Synth 8-6155] done synthesizing module 'aes_decrypt_top' (0#1) [C:/Users/jatin/aes_decryption/aes_decryption.srcs/sources_1/new/aes_top_decrypt.v:7]
INFO: [Synth 8-6071] Mark debug on the nets applies keep_hierarchy on instance 'ILA'. This will prevent further optimization [C:/Users/jatin/aes_decryption/aes_decryption.srcs/sources_1/new/aes_top_decrypt.v:83]
INFO: [Synth 8-6071] Mark debug on the nets applies keep_hierarchy on instance 'DECRYPT'. This will prevent further optimization [C:/Users/jatin/aes_decryption/aes_decryption.srcs/sources_1/new/aes_top_decrypt.v:60]
WARNING: [Synth 8-7129] Port reset in module aes_decrypt_top is either unconnected or has no load
---------------------------------------------------------------------------------
Finished RTL Elaboration : Time (s): cpu = 00:00:14 ; elapsed = 00:00:16 . Memory (MB): peak = 1433.348 ; gain = 616.789
---------------------------------------------------------------------------------
---------------------------------------------------------------------------------
Start Handling Custom Attributes
---------------------------------------------------------------------------------
---------------------------------------------------------------------------------
Finished Handling Custom Attributes : Time (s): cpu = 00:00:14 ; elapsed = 00:00:16 . Memory (MB): peak = 1433.348 ; gain = 616.789
---------------------------------------------------------------------------------
---------------------------------------------------------------------------------
Finished RTL Optimization Phase 1 : Time (s): cpu = 00:00:14 ; elapsed = 00:00:16 . Memory (MB): peak = 1433.348 ; gain = 616.789
---------------------------------------------------------------------------------
Netlist sorting complete. Time (s): cpu = 00:00:01 ; elapsed = 00:00:00.037 . Memory (MB): peak = 1433.348 ; gain = 0.000
INFO: [Project 1-570] Preparing netlist for logic optimization

Processing XDC Constraints
Initializing timing engine
Parsing XDC File [c:/Users/jatin/aes_decryption/aes_decryption.gen/sources_1/ip/ila_0/ila_0/ila_0_in_context.xdc] for cell 'ILA'
Finished Parsing XDC File [c:/Users/jatin/aes_decryption/aes_decryption.gen/sources_1/ip/ila_0/ila_0/ila_0_in_context.xdc] for cell 'ILA'
Parsing XDC File [C:/Users/jatin/Downloads/Arty-A7-100-Master.xdc]
Finished Parsing XDC File [C:/Users/jatin/Downloads/Arty-A7-100-Master.xdc]
INFO: [Project 1-236] Implementation specific constraints were found while reading constraint file [C:/Users/jatin/Downloads/Arty-A7-100-Master.xdc]. These constraints will be ignored for synthesis but will be used in implementation. Impacted constraints are listed in the file [.Xil/aes_decrypt_top_propImpl.xdc].
Resolution: To avoid this warning, move constraints listed in [.Xil/aes_decrypt_top_propImpl.xdc] to another XDC file and exclude this new file from synthesis with the used_in_synthesis property (File Properties dialog in GUI) and re-run elaboration/synthesis.
Completed Processing XDC Constraints

Netlist sorting complete. Time (s): cpu = 00:00:00 ; elapsed = 00:00:00.001 . Memory (MB): peak = 1469.988 ; gain = 0.000
INFO: [Project 1-111] Unisim Transformation Summary:
No Unisim elements were transformed.

Constraint Validation Runtime : Time (s): cpu = 00:00:00 ; elapsed = 00:00:00.014 . Memory (MB): peak = 1469.988 ; gain = 0.000
INFO: [Designutils 20-5440] No compile time benefit to using incremental synthesis; A full resynthesis will be run
INFO: [Designutils 20-4379] Flow is switching to default flow due to incremental criteria not met. If you would like to alter this behaviour and have the flow terminate instead, please set the following parameter config_implementation {autoIncr.Synth.RejectBehavior Terminate}
---------------------------------------------------------------------------------
Finished Constraint Validation : Time (s): cpu = 00:00:31 ; elapsed = 00:00:34 . Memory (MB): peak = 1469.988 ; gain = 653.430
---------------------------------------------------------------------------------
---------------------------------------------------------------------------------
Start Loading Part and Timing Information
---------------------------------------------------------------------------------
Loading part: xc7a100tcsg324-1
---------------------------------------------------------------------------------
Finished Loading Part and Timing Information : Time (s): cpu = 00:00:31 ; elapsed = 00:00:34 . Memory (MB): peak = 1469.988 ; gain = 653.430
---------------------------------------------------------------------------------
---------------------------------------------------------------------------------
Start Applying 'set_property' XDC Constraints
---------------------------------------------------------------------------------
---------------------------------------------------------------------------------
Finished applying 'set_property' XDC Constraints : Time (s): cpu = 00:00:31 ; elapsed = 00:00:34 . Memory (MB): peak = 1469.988 ; gain = 653.430
---------------------------------------------------------------------------------
---------------------------------------------------------------------------------
Finished RTL Optimization Phase 2 : Time (s): cpu = 00:00:31 ; elapsed = 00:00:35 . Memory (MB): peak = 1469.988 ; gain = 653.430
---------------------------------------------------------------------------------
---------------------------------------------------------------------------------
Start RTL Component Statistics 
---------------------------------------------------------------------------------
Detailed RTL Component Info : 
+---XORs : 
	   2 Input    128 Bit         XORs := 2     
	   2 Input      8 Bit         XORs := 70    
	   4 Input      8 Bit         XORs := 1     
	   3 Input      8 Bit         XORs := 2     
	   7 Input      8 Bit         XORs := 2     
	   5 Input      8 Bit         XORs := 3     
	   9 Input      8 Bit         XORs := 1     
	   8 Input      8 Bit         XORs := 10    
+---Muxes : 
	   2 Input    8 Bit        Muxes := 48    
---------------------------------------------------------------------------------
Finished RTL Component Statistics 
---------------------------------------------------------------------------------
---------------------------------------------------------------------------------
Start Part Resource Summary
---------------------------------------------------------------------------------
Part Resources:
DSPs: 240 (col length:80)
BRAMs: 270 (col length: RAMB18 80 RAMB36 40)
---------------------------------------------------------------------------------
Finished Part Resource Summary
---------------------------------------------------------------------------------
---------------------------------------------------------------------------------
Start Cross Boundary and Area Optimization
---------------------------------------------------------------------------------
WARNING: [Synth 8-7080] Parallel synthesis criteria is not met
WARNING: [Synth 8-7129] Port reset in module aes_decrypt_top is either unconnected or has no load
---------------------------------------------------------------------------------
Finished Cross Boundary and Area Optimization : Time (s): cpu = 00:01:01 ; elapsed = 00:01:06 . Memory (MB): peak = 1565.555 ; gain = 748.996
---------------------------------------------------------------------------------
---------------------------------------------------------------------------------
Start ROM, RAM, DSP, Shift Register and Retiming Reporting
---------------------------------------------------------------------------------

ROM: Preliminary Mapping Report
+-------------+--------------+---------------+----------------+
|Module Name  | RTL Object   | Depth x Width | Implemented As | 
+-------------+--------------+---------------+----------------+
|inv_sbox     | inv_sbox_mem | 256x8         | LUT            | 
|inv_subbytes | p_0_out      | 256x8         | LUT            | 
|inv_subbytes | p_0_out      | 256x8         | LUT            | 
|inv_subbytes | p_0_out      | 256x8         | LUT            | 
|inv_subbytes | p_0_out      | 256x8         | LUT            | 
|inv_subbytes | p_0_out      | 256x8         | LUT            | 
|inv_subbytes | p_0_out      | 256x8         | LUT            | 
|inv_subbytes | p_0_out      | 256x8         | LUT            | 
|inv_subbytes | p_0_out      | 256x8         | LUT            | 
|inv_subbytes | p_0_out      | 256x8         | LUT            | 
|inv_subbytes | p_0_out      | 256x8         | LUT            | 
|inv_subbytes | p_0_out      | 256x8         | LUT            | 
|inv_subbytes | p_0_out      | 256x8         | LUT            | 
|inv_subbytes | p_0_out      | 256x8         | LUT            | 
|inv_subbytes | p_0_out      | 256x8         | LUT            | 
|inv_subbytes | p_0_out      | 256x8         | LUT            | 
+-------------+--------------+---------------+----------------+

---------------------------------------------------------------------------------
Finished ROM, RAM, DSP, Shift Register and Retiming Reporting
---------------------------------------------------------------------------------
---------------------------------------------------------------------------------
Start Applying XDC Timing Constraints
---------------------------------------------------------------------------------
---------------------------------------------------------------------------------
Finished Applying XDC Timing Constraints : Time (s): cpu = 00:01:12 ; elapsed = 00:01:18 . Memory (MB): peak = 1643.727 ; gain = 827.168
---------------------------------------------------------------------------------
---------------------------------------------------------------------------------
Start Timing Optimization
---------------------------------------------------------------------------------
---------------------------------------------------------------------------------
Finished Timing Optimization : Time (s): cpu = 00:01:12 ; elapsed = 00:01:18 . Memory (MB): peak = 1643.875 ; gain = 827.316
---------------------------------------------------------------------------------
---------------------------------------------------------------------------------
Start Technology Mapping
---------------------------------------------------------------------------------
---------------------------------------------------------------------------------
Finished Technology Mapping : Time (s): cpu = 00:01:12 ; elapsed = 00:01:18 . Memory (MB): peak = 1668.484 ; gain = 851.926
---------------------------------------------------------------------------------
---------------------------------------------------------------------------------
Start IO Insertion
---------------------------------------------------------------------------------
---------------------------------------------------------------------------------
Start Flattening Before IO Insertion
---------------------------------------------------------------------------------
---------------------------------------------------------------------------------
Finished Flattening Before IO Insertion
---------------------------------------------------------------------------------
---------------------------------------------------------------------------------
Start Final Netlist Cleanup
---------------------------------------------------------------------------------
---------------------------------------------------------------------------------
Finished Final Netlist Cleanup
---------------------------------------------------------------------------------
---------------------------------------------------------------------------------
Finished IO Insertion : Time (s): cpu = 00:01:20 ; elapsed = 00:01:27 . Memory (MB): peak = 1884.441 ; gain = 1067.883
---------------------------------------------------------------------------------
---------------------------------------------------------------------------------
Start Renaming Generated Instances
---------------------------------------------------------------------------------
---------------------------------------------------------------------------------
Finished Renaming Generated Instances : Time (s): cpu = 00:01:21 ; elapsed = 00:01:27 . Memory (MB): peak = 1884.441 ; gain = 1067.883
---------------------------------------------------------------------------------
---------------------------------------------------------------------------------
Start Rebuilding User Hierarchy
---------------------------------------------------------------------------------
---------------------------------------------------------------------------------
Finished Rebuilding User Hierarchy : Time (s): cpu = 00:01:21 ; elapsed = 00:01:27 . Memory (MB): peak = 1884.441 ; gain = 1067.883
---------------------------------------------------------------------------------
---------------------------------------------------------------------------------
Start Renaming Generated Ports
---------------------------------------------------------------------------------
---------------------------------------------------------------------------------
Finished Renaming Generated Ports : Time (s): cpu = 00:01:21 ; elapsed = 00:01:27 . Memory (MB): peak = 1884.441 ; gain = 1067.883
---------------------------------------------------------------------------------
---------------------------------------------------------------------------------
Start Handling Custom Attributes
---------------------------------------------------------------------------------
---------------------------------------------------------------------------------
Finished Handling Custom Attributes : Time (s): cpu = 00:01:21 ; elapsed = 00:01:27 . Memory (MB): peak = 1884.441 ; gain = 1067.883
---------------------------------------------------------------------------------
---------------------------------------------------------------------------------
Start Renaming Generated Nets
---------------------------------------------------------------------------------
---------------------------------------------------------------------------------
Finished Renaming Generated Nets : Time (s): cpu = 00:01:21 ; elapsed = 00:01:27 . Memory (MB): peak = 1884.441 ; gain = 1067.883
---------------------------------------------------------------------------------
---------------------------------------------------------------------------------
Start Writing Synthesis Report
---------------------------------------------------------------------------------

Report BlackBoxes: 
+------+--------------+----------+
|      |BlackBox name |Instances |
+------+--------------+----------+
|1     |ila_0         |         1|
+------+--------------+----------+

Report Cell Usage: 
+------+-----+------+
|      |Cell |Count |
+------+-----+------+
|1     |ila  |     1|
|2     |LUT1 |   257|
|3     |LUT2 |    84|
|4     |LUT3 |     6|
|5     |LUT4 |    84|
|6     |LUT5 |   183|
|7     |LUT6 |   953|
|8     |IBUF |     1|
+------+-----+------+
---------------------------------------------------------------------------------
Finished Writing Synthesis Report : Time (s): cpu = 00:01:21 ; elapsed = 00:01:27 . Memory (MB): peak = 1884.441 ; gain = 1067.883
---------------------------------------------------------------------------------
Synthesis finished with 0 errors, 0 critical warnings and 2 warnings.
Synthesis Optimization Runtime : Time (s): cpu = 00:01:03 ; elapsed = 00:01:23 . Memory (MB): peak = 1884.441 ; gain = 1031.242
Synthesis Optimization Complete : Time (s): cpu = 00:01:21 ; elapsed = 00:01:27 . Memory (MB): peak = 1884.441 ; gain = 1067.883
INFO: [Project 1-571] Translating synthesized netlist
Netlist sorting complete. Time (s): cpu = 00:00:00 ; elapsed = 00:00:00.032 . Memory (MB): peak = 1884.441 ; gain = 0.000
WARNING: [Netlist 29-101] Netlist 'aes_decrypt_top' is not ideal for floorplanning, since the cellview 'inv_subbytes' contains a large number of primitives.  Please consider enabling hierarchy in synthesis if you want to do floorplanning.
INFO: [Project 1-570] Preparing netlist for logic optimization
INFO: [Opt 31-138] Pushed 0 inverter(s) to 0 load pin(s).
Netlist sorting complete. Time (s): cpu = 00:00:00 ; elapsed = 00:00:00.001 . Memory (MB): peak = 1897.375 ; gain = 0.000
INFO: [Project 1-111] Unisim Transformation Summary:
No Unisim elements were transformed.

Synth Design complete | Checksum: 8e9266f9
INFO: [Common 17-83] Releasing license: Synthesis
36 Infos, 5 Warnings, 0 Critical Warnings and 0 Errors encountered.
synth_design completed successfully
synth_design: Time (s): cpu = 00:01:29 ; elapsed = 00:01:39 . Memory (MB): peak = 1897.375 ; gain = 1274.953
Write ShapeDB Complete: Time (s): cpu = 00:00:00 ; elapsed = 00:00:00.004 . Memory (MB): peak = 1897.375 ; gain = 0.000
INFO: [Common 17-1381] The checkpoint 'C:/Users/jatin/aes_decryption/aes_decryption.runs/synth_1/aes_decrypt_top.dcp' has been generated.
INFO: [Vivado 12-24828] Executing command : report_utilization -file aes_decrypt_top_utilization_synth.rpt -pb aes_decrypt_top_utilization_synth.pb
INFO: [Common 17-206] Exiting Vivado at Wed May 20 15:59:43 2026...
