INFO: [VRFC 10-2263] Analyzing Verilog file "C:/Users/jatin/AES_128_CORE/AES_128_CORE.gen/sources_1/ip/ila_0/sim/ila_0.v" into library xil_defaultlib
INFO: [VRFC 10-311] analyzing module ila_0
INFO: [VRFC 10-2263] Analyzing Verilog file "C:/Users/jatin/AES_128_CORE/AES_128_CORE.srcs/sources_1/new/aes_decrypt_round.v" into library xil_defaultlib
INFO: [VRFC 10-311] analyzing module aes_decrypt_round
INFO: [VRFC 10-2263] Analyzing Verilog file "C:/Users/jatin/AES_128_CORE/AES_128_CORE.srcs/sources_1/new/aes_encrypt_round.v" into library xil_defaultlib
INFO: [VRFC 10-311] analyzing module aes_encrypt_round
INFO: [VRFC 10-2263] Analyzing Verilog file "C:/Users/jatin/AES_128_CORE/AES_128_CORE.srcs/sources_1/new/aes_system_top.v" into library xil_defaultlib
INFO: [VRFC 10-311] analyzing module aes_system_top
INFO: [VRFC 10-2263] Analyzing Verilog file "C:/Users/jatin/AES_128_CORE/AES_128_CORE.srcs/sources_1/new/inv_mixcolumns.v" into library xil_defaultlib
INFO: [VRFC 10-311] analyzing module InvMixColumns
INFO: [VRFC 10-2263] Analyzing Verilog file "C:/Users/jatin/AES_128_CORE/AES_128_CORE.srcs/sources_1/new/inv_sbox.v" into library xil_defaultlib
INFO: [VRFC 10-311] analyzing module inv_sbox
INFO: [VRFC 10-2263] Analyzing Verilog file "C:/Users/jatin/AES_128_CORE/AES_128_CORE.srcs/sources_1/new/inv_shiftrows.v" into library xil_defaultlib
INFO: [VRFC 10-311] analyzing module inv_shiftrows
INFO: [VRFC 10-2263] Analyzing Verilog file "C:/Users/jatin/AES_128_CORE/AES_128_CORE.srcs/sources_1/new/inv_subbytes.v" into library xil_defaultlib
INFO: [VRFC 10-311] analyzing module inv_subbytes
INFO: [VRFC 10-2263] Analyzing Verilog file "C:/Users/jatin/AES_128_CORE/AES_128_CORE.srcs/sources_1/new/mixcolumns.v" into library xil_defaultlib
INFO: [VRFC 10-311] analyzing module mixcolumns
INFO: [VRFC 10-2263] Analyzing Verilog file "C:/Users/jatin/AES_128_CORE/AES_128_CORE.srcs/sources_1/new/sbox.v" into library xil_defaultlib
INFO: [VRFC 10-311] analyzing module sbox
INFO: [VRFC 10-2263] Analyzing Verilog file "C:/Users/jatin/AES_128_CORE/AES_128_CORE.srcs/sources_1/new/shiftrows.v" into library xil_defaultlib
INFO: [VRFC 10-311] analyzing module shiftrows
INFO: [VRFC 10-2263] Analyzing Verilog file "C:/Users/jatin/AES_128_CORE/AES_128_CORE.srcs/sources_1/new/subbytes.v" into library xil_defaultlib
INFO: [VRFC 10-311] analyzing module subbytes
INFO: [VRFC 10-2263] Analyzing Verilog file "C:/Users/jatin/AES_128_CORE/AES_128_CORE.srcs/sim_1/new/aes_system_tb.v" into library xil_defaultlib
INFO: [VRFC 10-311] analyzing module aes_system_top_tb
INFO: [VRFC 10-2263] Analyzing Verilog file "C:/Users/jatin/AES_128_CORE/AES_128_CORE.sim/sim_1/behav/xsim/glbl.v" into library xil_defaultlib
INFO: [VRFC 10-311] analyzing module glbl
