
*** Running vivado
    with args -log aes_system_top.vds -m64 -product Vivado -mode batch -messageDb vivado.pb -notrace -source aes_system_top.tcl



****** Vivado v2025.1 (64-bit)
  **** SW Build 6140274 on Thu May 22 00:12:29 MDT 2025
  **** IP Build 6138677 on Thu May 22 03:10:11 MDT 2025
  **** SharedData Build 6139179 on Tue May 20 17:58:58 MDT 2025
  **** Start of session at: Wed May 20 23:32:59 2026
    ** Copyright 1986-2022 Xilinx, Inc. All Rights Reserved.
    ** Copyright 2022-2025 Advanced Micro Devices, Inc. All Rights Reserved.

source aes_system_top.tcl -notrace
create_project: Time (s): cpu = 00:00:10 ; elapsed = 00:00:07 . Memory (MB): peak = 575.555 ; gain = 209.852
Command: read_checkpoint -auto_incremental -incremental C:/Users/jatin/AES_128_CORE/AES_128_CORE.srcs/utils_1/imports/synth_1/aes_system_top.dcp
INFO: [Vivado 12-5825] Read reference checkpoint from C:/Users/jatin/AES_128_CORE/AES_128_CORE.srcs/utils_1/imports/synth_1/aes_system_top.dcp for incremental synthesis
INFO: [Vivado 12-7989] Please ensure there are no constraint changes
Command: synth_design -top aes_system_top -part xc7a100tcsg324-1
Starting synth_design
Attempting to get a license for feature 'Synthesis' and/or device 'xc7a100t'
INFO: [Common 17-349] Got license for feature 'Synthesis' and/or device 'xc7a100t'
INFO: [Device 21-403] Loading part xc7a100tcsg324-1
INFO: [Designutils 20-5440] No compile time benefit to using incremental synthesis; A full resynthesis will be run
INFO: [Designutils 20-4379] Flow is switching to default flow due to incremental criteria not met. If you would like to alter this behaviour and have the flow terminate instead, please set the following parameter config_implementation {autoIncr.Synth.RejectBehavior Terminate}
INFO: [Synth 8-7079] Multithreading enabled for synth_design using a maximum of 2 processes.
INFO: [Synth 8-7078] Launching helper process for spawning children vivado processes
INFO: [Synth 8-7075] Helper process launched with PID 19416
---------------------------------------------------------------------------------
Starting RTL Elaboration : Time (s): cpu = 00:00:05 ; elapsed = 00:00:07 . Memory (MB): peak = 1310.715 ; gain = 493.855
---------------------------------------------------------------------------------
INFO: [Synth 8-6157] synthesizing module 'aes_system_top' [C:/Users/jatin/AES_128_CORE/AES_128_CORE.srcs/sources_1/new/aes_system_top.v:20]
INFO: [Synth 8-6157] synthesizing module 'aes_encrypt_round' [C:/Users/jatin/AES_128_CORE/AES_128_CORE.srcs/sources_1/new/aes_encrypt_round.v:1]
INFO: [Synth 8-6157] synthesizing module 'subbytes' [C:/Users/jatin/AES_128_CORE/AES_128_CORE.srcs/sources_1/new/subbytes.v:1]
INFO: [Synth 8-6157] synthesizing module 'sbox' [C:/Users/jatin/AES_128_CORE/AES_128_CORE.srcs/sources_1/new/sbox.v:1]
INFO: [Synth 8-3876] $readmem data file 'sbox.mem' is read successfully [C:/Users/jatin/AES_128_CORE/AES_128_CORE.srcs/sources_1/new/sbox.v:13]
INFO: [Synth 8-6155] done synthesizing module 'sbox' (0#1) [C:/Users/jatin/AES_128_CORE/AES_128_CORE.srcs/sources_1/new/sbox.v:1]
INFO: [Synth 8-6155] done synthesizing module 'subbytes' (0#1) [C:/Users/jatin/AES_128_CORE/AES_128_CORE.srcs/sources_1/new/subbytes.v:1]
INFO: [Synth 8-6157] synthesizing module 'shiftrows' [C:/Users/jatin/AES_128_CORE/AES_128_CORE.srcs/sources_1/new/shiftrows.v:1]
INFO: [Synth 8-6155] done synthesizing module 'shiftrows' (0#1) [C:/Users/jatin/AES_128_CORE/AES_128_CORE.srcs/sources_1/new/shiftrows.v:1]
INFO: [Synth 8-6157] synthesizing module 'mixcolumns' [C:/Users/jatin/AES_128_CORE/AES_128_CORE.srcs/sources_1/new/mixcolumns.v:1]
INFO: [Synth 8-6155] done synthesizing module 'mixcolumns' (0#1) [C:/Users/jatin/AES_128_CORE/AES_128_CORE.srcs/sources_1/new/mixcolumns.v:1]
INFO: [Synth 8-6155] done synthesizing module 'aes_encrypt_round' (0#1) [C:/Users/jatin/AES_128_CORE/AES_128_CORE.srcs/sources_1/new/aes_encrypt_round.v:1]
INFO: [Synth 8-6157] synthesizing module 'aes_decrypt_round' [C:/Users/jatin/AES_128_CORE/AES_128_CORE.srcs/sources_1/new/aes_decrypt_round.v:7]
INFO: [Synth 8-6157] synthesizing module 'InvMixColumns' [C:/Users/jatin/AES_128_CORE/AES_128_CORE.srcs/sources_1/new/inv_mixcolumns.v:23]
INFO: [Synth 8-6155] done synthesizing module 'InvMixColumns' (0#1) [C:/Users/jatin/AES_128_CORE/AES_128_CORE.srcs/sources_1/new/inv_mixcolumns.v:23]
INFO: [Synth 8-6157] synthesizing module 'inv_shiftrows' [C:/Users/jatin/AES_128_CORE/AES_128_CORE.srcs/sources_1/new/inv_shiftrows.v:1]
INFO: [Synth 8-6155] done synthesizing module 'inv_shiftrows' (0#1) [C:/Users/jatin/AES_128_CORE/AES_128_CORE.srcs/sources_1/new/inv_shiftrows.v:1]
INFO: [Synth 8-6157] synthesizing module 'inv_subbytes' [C:/Users/jatin/AES_128_CORE/AES_128_CORE.srcs/sources_1/new/inv_subbytes.v:1]
INFO: [Synth 8-6157] synthesizing module 'inv_sbox' [C:/Users/jatin/AES_128_CORE/AES_128_CORE.srcs/sources_1/new/inv_sbox.v:1]
INFO: [Synth 8-3876] $readmem data file 'inv_sbox.mem' is read successfully [C:/Users/jatin/AES_128_CORE/AES_128_CORE.srcs/sources_1/new/inv_sbox.v:13]
INFO: [Synth 8-6155] done synthesizing module 'inv_sbox' (0#1) [C:/Users/jatin/AES_128_CORE/AES_128_CORE.srcs/sources_1/new/inv_sbox.v:1]
INFO: [Synth 8-6155] done synthesizing module 'inv_subbytes' (0#1) [C:/Users/jatin/AES_128_CORE/AES_128_CORE.srcs/sources_1/new/inv_subbytes.v:1]
INFO: [Synth 8-6155] done synthesizing module 'aes_decrypt_round' (0#1) [C:/Users/jatin/AES_128_CORE/AES_128_CORE.srcs/sources_1/new/aes_decrypt_round.v:7]
WARNING: [Synth 8-4446] all outputs are unconnected for this instance and logic may be removed [C:/Users/jatin/AES_128_CORE/AES_128_CORE.srcs/sources_1/new/aes_system_top.v:131]
INFO: [Synth 8-6157] synthesizing module 'ila_0' [C:/Users/jatin/AES_128_CORE/AES_128_CORE.runs/synth_1/.Xil/Vivado-14628-Conolas/realtime/ila_0_stub.v:6]
INFO: [Synth 8-6155] done synthesizing module 'ila_0' (0#1) [C:/Users/jatin/AES_128_CORE/AES_128_CORE.runs/synth_1/.Xil/Vivado-14628-Conolas/realtime/ila_0_stub.v:6]
WARNING: [Synth 8-689] width (128) of port connection 'probe0' does not match port width (1) of module 'ila_0' [C:/Users/jatin/AES_128_CORE/AES_128_CORE.srcs/sources_1/new/aes_system_top.v:139]
WARNING: [Synth 8-689] width (128) of port connection 'probe1' does not match port width (1) of module 'ila_0' [C:/Users/jatin/AES_128_CORE/AES_128_CORE.srcs/sources_1/new/aes_system_top.v:140]
WARNING: [Synth 8-689] width (128) of port connection 'probe2' does not match port width (1) of module 'ila_0' [C:/Users/jatin/AES_128_CORE/AES_128_CORE.srcs/sources_1/new/aes_system_top.v:141]
WARNING: [Synth 8-689] width (1) of port connection 'probe10' does not match port width (128) of module 'ila_0' [C:/Users/jatin/AES_128_CORE/AES_128_CORE.srcs/sources_1/new/aes_system_top.v:159]
WARNING: [Synth 8-689] width (1) of port connection 'probe11' does not match port width (128) of module 'ila_0' [C:/Users/jatin/AES_128_CORE/AES_128_CORE.srcs/sources_1/new/aes_system_top.v:160]
WARNING: [Synth 8-689] width (1) of port connection 'probe12' does not match port width (128) of module 'ila_0' [C:/Users/jatin/AES_128_CORE/AES_128_CORE.srcs/sources_1/new/aes_system_top.v:161]
INFO: [Synth 8-6155] done synthesizing module 'aes_system_top' (0#1) [C:/Users/jatin/AES_128_CORE/AES_128_CORE.srcs/sources_1/new/aes_system_top.v:20]
INFO: [Synth 8-6071] Mark debug on the nets applies keep_hierarchy on instance 'ILA'. This will prevent further optimization [C:/Users/jatin/AES_128_CORE/AES_128_CORE.srcs/sources_1/new/aes_system_top.v:131]
INFO: [Synth 8-6071] Mark debug on the nets applies keep_hierarchy on instance 'ENCRYPT'. This will prevent further optimization [C:/Users/jatin/AES_128_CORE/AES_128_CORE.srcs/sources_1/new/aes_system_top.v:84]
INFO: [Synth 8-6071] Mark debug on the nets applies keep_hierarchy on instance 'DECRYPT'. This will prevent further optimization [C:/Users/jatin/AES_128_CORE/AES_128_CORE.srcs/sources_1/new/aes_system_top.v:101]
---------------------------------------------------------------------------------
Finished RTL Elaboration : Time (s): cpu = 00:00:07 ; elapsed = 00:00:09 . Memory (MB): peak = 1437.719 ; gain = 620.859
---------------------------------------------------------------------------------
---------------------------------------------------------------------------------
Start Handling Custom Attributes
---------------------------------------------------------------------------------
---------------------------------------------------------------------------------
Finished Handling Custom Attributes : Time (s): cpu = 00:00:07 ; elapsed = 00:00:09 . Memory (MB): peak = 1437.719 ; gain = 620.859
---------------------------------------------------------------------------------
---------------------------------------------------------------------------------
Finished RTL Optimization Phase 1 : Time (s): cpu = 00:00:07 ; elapsed = 00:00:09 . Memory (MB): peak = 1437.719 ; gain = 620.859
---------------------------------------------------------------------------------
Netlist sorting complete. Time (s): cpu = 00:00:00 ; elapsed = 00:00:00.028 . Memory (MB): peak = 1437.719 ; gain = 0.000
INFO: [Project 1-570] Preparing netlist for logic optimization

Processing XDC Constraints
Initializing timing engine
Parsing XDC File [c:/Users/jatin/AES_128_CORE/AES_128_CORE.gen/sources_1/ip/ila_0/ila_0/ila_0_in_context.xdc] for cell 'ILA'
Finished Parsing XDC File [c:/Users/jatin/AES_128_CORE/AES_128_CORE.gen/sources_1/ip/ila_0/ila_0/ila_0_in_context.xdc] for cell 'ILA'
Parsing XDC File [C:/Users/jatin/Downloads/Arty-A7-100-Master.xdc]
Finished Parsing XDC File [C:/Users/jatin/Downloads/Arty-A7-100-Master.xdc]
INFO: [Project 1-236] Implementation specific constraints were found while reading constraint file [C:/Users/jatin/Downloads/Arty-A7-100-Master.xdc]. These constraints will be ignored for synthesis but will be used in implementation. Impacted constraints are listed in the file [.Xil/aes_system_top_propImpl.xdc].
Resolution: To avoid this warning, move constraints listed in [.Xil/aes_system_top_propImpl.xdc] to another XDC file and exclude this new file from synthesis with the used_in_synthesis property (File Properties dialog in GUI) and re-run elaboration/synthesis.
Completed Processing XDC Constraints

Netlist sorting complete. Time (s): cpu = 00:00:00 ; elapsed = 00:00:00.001 . Memory (MB): peak = 1531.508 ; gain = 0.000
INFO: [Project 1-111] Unisim Transformation Summary:
No Unisim elements were transformed.

Constraint Validation Runtime : Time (s): cpu = 00:00:00 ; elapsed = 00:00:00.010 . Memory (MB): peak = 1531.508 ; gain = 0.000
INFO: [Designutils 20-5440] No compile time benefit to using incremental synthesis; A full resynthesis will be run
INFO: [Designutils 20-4379] Flow is switching to default flow due to incremental criteria not met. If you would like to alter this behaviour and have the flow terminate instead, please set the following parameter config_implementation {autoIncr.Synth.RejectBehavior Terminate}
---------------------------------------------------------------------------------
Finished Constraint Validation : Time (s): cpu = 00:00:15 ; elapsed = 00:00:17 . Memory (MB): peak = 1531.508 ; gain = 714.648
---------------------------------------------------------------------------------
---------------------------------------------------------------------------------
Start Loading Part and Timing Information
---------------------------------------------------------------------------------
Loading part: xc7a100tcsg324-1
---------------------------------------------------------------------------------
Finished Loading Part and Timing Information : Time (s): cpu = 00:00:15 ; elapsed = 00:00:17 . Memory (MB): peak = 1531.508 ; gain = 714.648
---------------------------------------------------------------------------------
---------------------------------------------------------------------------------
Start Applying 'set_property' XDC Constraints
---------------------------------------------------------------------------------
---------------------------------------------------------------------------------
Finished applying 'set_property' XDC Constraints : Time (s): cpu = 00:00:15 ; elapsed = 00:00:17 . Memory (MB): peak = 1531.508 ; gain = 714.648
---------------------------------------------------------------------------------
---------------------------------------------------------------------------------
Finished RTL Optimization Phase 2 : Time (s): cpu = 00:00:16 ; elapsed = 00:00:17 . Memory (MB): peak = 1531.508 ; gain = 714.648
---------------------------------------------------------------------------------
---------------------------------------------------------------------------------
Start RTL Component Statistics 
---------------------------------------------------------------------------------
Detailed RTL Component Info : 
+---XORs : 
	   2 Input    128 Bit         XORs := 4     
	   2 Input      8 Bit         XORs := 90    
	   3 Input      8 Bit         XORs := 12    
	   5 Input      8 Bit         XORs := 9     
	   4 Input      8 Bit         XORs := 3     
	   7 Input      8 Bit         XORs := 2     
	   9 Input      8 Bit         XORs := 1     
	   8 Input      8 Bit         XORs := 10    
+---Registers : 
	              128 Bit    Registers := 2     
+---Muxes : 
	   2 Input    8 Bit        Muxes := 64    
---------------------------------------------------------------------------------
Finished RTL Component Statistics 
---------------------------------------------------------------------------------
---------------------------------------------------------------------------------
Start Part Resource Summary
---------------------------------------------------------------------------------
Part Resources:
DSPs: 240 (col length:80)
BRAMs: 270 (col length: RAMB18 80 RAMB36 40)
---------------------------------------------------------------------------------
Finished Part Resource Summary
---------------------------------------------------------------------------------
---------------------------------------------------------------------------------
Start Cross Boundary and Area Optimization
---------------------------------------------------------------------------------
WARNING: [Synth 8-7080] Parallel synthesis criteria is not met
---------------------------------------------------------------------------------
Finished Cross Boundary and Area Optimization : Time (s): cpu = 00:00:39 ; elapsed = 00:00:43 . Memory (MB): peak = 1586.953 ; gain = 770.094
---------------------------------------------------------------------------------
---------------------------------------------------------------------------------
Start ROM, RAM, DSP, Shift Register and Retiming Reporting
---------------------------------------------------------------------------------

ROM: Preliminary Mapping Report
+------------------+--------------+---------------+----------------+
|Module Name       | RTL Object   | Depth x Width | Implemented As | 
+------------------+--------------+---------------+----------------+
|sbox              | sbox_mem     | 256x8         | LUT            | 
|inv_sbox          | inv_sbox_mem | 256x8         | LUT            | 
|aes_encrypt_round | p_0_out      | 256x8         | LUT            | 
|aes_encrypt_round | p_0_out      | 256x8         | LUT            | 
|aes_encrypt_round | p_0_out      | 256x8         | LUT            | 
|aes_encrypt_round | p_0_out      | 256x8         | LUT            | 
|aes_encrypt_round | p_0_out      | 256x8         | LUT            | 
|aes_encrypt_round | p_0_out      | 256x8         | LUT            | 
|aes_encrypt_round | p_0_out      | 256x8         | LUT            | 
|aes_encrypt_round | p_0_out      | 256x8         | LUT            | 
|aes_encrypt_round | p_0_out      | 256x8         | LUT            | 
|aes_encrypt_round | p_0_out      | 256x8         | LUT            | 
|aes_encrypt_round | p_0_out      | 256x8         | LUT            | 
|aes_encrypt_round | p_0_out      | 256x8         | LUT            | 
|aes_encrypt_round | p_0_out      | 256x8         | LUT            | 
|aes_encrypt_round | p_0_out      | 256x8         | LUT            | 
|aes_encrypt_round | p_0_out      | 256x8         | LUT            | 
|aes_encrypt_round | p_0_out      | 256x8         | LUT            | 
|inv_subbytes      | p_0_out      | 256x8         | LUT            | 
|inv_subbytes      | p_0_out      | 256x8         | LUT            | 
|inv_subbytes      | p_0_out      | 256x8         | LUT            | 
|inv_subbytes      | p_0_out      | 256x8         | LUT            | 
|inv_subbytes      | p_0_out      | 256x8         | LUT            | 
|inv_subbytes      | p_0_out      | 256x8         | LUT            | 
|inv_subbytes      | p_0_out      | 256x8         | LUT            | 
|inv_subbytes      | p_0_out      | 256x8         | LUT            | 
|inv_subbytes      | p_0_out      | 256x8         | LUT            | 
|inv_subbytes      | p_0_out      | 256x8         | LUT            | 
|inv_subbytes      | p_0_out      | 256x8         | LUT            | 
|inv_subbytes      | p_0_out      | 256x8         | LUT            | 
|inv_subbytes      | p_0_out      | 256x8         | LUT            | 
|inv_subbytes      | p_0_out      | 256x8         | LUT            | 
|inv_subbytes      | p_0_out      | 256x8         | LUT            | 
+------------------+--------------+---------------+----------------+

---------------------------------------------------------------------------------
Finished ROM, RAM, DSP, Shift Register and Retiming Reporting
---------------------------------------------------------------------------------
---------------------------------------------------------------------------------
Start Applying XDC Timing Constraints
---------------------------------------------------------------------------------
---------------------------------------------------------------------------------
Finished Applying XDC Timing Constraints : Time (s): cpu = 00:00:45 ; elapsed = 00:00:48 . Memory (MB): peak = 1656.363 ; gain = 839.504
---------------------------------------------------------------------------------
---------------------------------------------------------------------------------
Start Timing Optimization
---------------------------------------------------------------------------------
---------------------------------------------------------------------------------
Finished Timing Optimization : Time (s): cpu = 00:00:45 ; elapsed = 00:00:48 . Memory (MB): peak = 1657.031 ; gain = 840.172
---------------------------------------------------------------------------------
---------------------------------------------------------------------------------
Start Technology Mapping
---------------------------------------------------------------------------------
---------------------------------------------------------------------------------
Finished Technology Mapping : Time (s): cpu = 00:00:45 ; elapsed = 00:00:49 . Memory (MB): peak = 1679.871 ; gain = 863.012
---------------------------------------------------------------------------------
---------------------------------------------------------------------------------
Start IO Insertion
---------------------------------------------------------------------------------
---------------------------------------------------------------------------------
Start Flattening Before IO Insertion
---------------------------------------------------------------------------------
---------------------------------------------------------------------------------
Finished Flattening Before IO Insertion
---------------------------------------------------------------------------------
---------------------------------------------------------------------------------
Start Final Netlist Cleanup
---------------------------------------------------------------------------------
---------------------------------------------------------------------------------
Finished Final Netlist Cleanup
---------------------------------------------------------------------------------
---------------------------------------------------------------------------------
Finished IO Insertion : Time (s): cpu = 00:00:49 ; elapsed = 00:00:53 . Memory (MB): peak = 1893.305 ; gain = 1076.445
---------------------------------------------------------------------------------
---------------------------------------------------------------------------------
Start Renaming Generated Instances
---------------------------------------------------------------------------------
---------------------------------------------------------------------------------
Finished Renaming Generated Instances : Time (s): cpu = 00:00:49 ; elapsed = 00:00:53 . Memory (MB): peak = 1893.305 ; gain = 1076.445
---------------------------------------------------------------------------------
---------------------------------------------------------------------------------
Start Rebuilding User Hierarchy
---------------------------------------------------------------------------------
---------------------------------------------------------------------------------
Finished Rebuilding User Hierarchy : Time (s): cpu = 00:00:49 ; elapsed = 00:00:53 . Memory (MB): peak = 1893.305 ; gain = 1076.445
---------------------------------------------------------------------------------
---------------------------------------------------------------------------------
Start Renaming Generated Ports
---------------------------------------------------------------------------------
---------------------------------------------------------------------------------
Finished Renaming Generated Ports : Time (s): cpu = 00:00:49 ; elapsed = 00:00:53 . Memory (MB): peak = 1893.305 ; gain = 1076.445
---------------------------------------------------------------------------------
---------------------------------------------------------------------------------
Start Handling Custom Attributes
---------------------------------------------------------------------------------
---------------------------------------------------------------------------------
Finished Handling Custom Attributes : Time (s): cpu = 00:00:49 ; elapsed = 00:00:53 . Memory (MB): peak = 1893.305 ; gain = 1076.445
---------------------------------------------------------------------------------
---------------------------------------------------------------------------------
Start Renaming Generated Nets
---------------------------------------------------------------------------------
---------------------------------------------------------------------------------
Finished Renaming Generated Nets : Time (s): cpu = 00:00:49 ; elapsed = 00:00:53 . Memory (MB): peak = 1893.305 ; gain = 1076.445
---------------------------------------------------------------------------------
---------------------------------------------------------------------------------
Start Writing Synthesis Report
---------------------------------------------------------------------------------

Report BlackBoxes: 
+------+--------------+----------+
|      |BlackBox name |Instances |
+------+--------------+----------+
|1     |ila_0         |         1|
+------+--------------+----------+

Report Cell Usage: 
+------+------+------+
|      |Cell  |Count |
+------+------+------+
|1     |ila   |     1|
|2     |BUFG  |     1|
|3     |LUT1  |   257|
|4     |LUT2  |   212|
|5     |LUT3  |     6|
|6     |LUT4  |    84|
|7     |LUT5  |   292|
|8     |LUT6  |  1671|
|9     |MUXF7 |   256|
|10    |MUXF8 |   128|
|11    |FDRE  |   256|
|12    |IBUF  |     2|
+------+------+------+
---------------------------------------------------------------------------------
Finished Writing Synthesis Report : Time (s): cpu = 00:00:49 ; elapsed = 00:00:53 . Memory (MB): peak = 1893.305 ; gain = 1076.445
---------------------------------------------------------------------------------
Synthesis finished with 0 errors, 0 critical warnings and 1 warnings.
Synthesis Optimization Runtime : Time (s): cpu = 00:00:40 ; elapsed = 00:00:51 . Memory (MB): peak = 1893.305 ; gain = 982.656
Synthesis Optimization Complete : Time (s): cpu = 00:00:49 ; elapsed = 00:00:53 . Memory (MB): peak = 1893.305 ; gain = 1076.445
INFO: [Project 1-571] Translating synthesized netlist
Netlist sorting complete. Time (s): cpu = 00:00:00 ; elapsed = 00:00:00.030 . Memory (MB): peak = 1893.305 ; gain = 0.000
INFO: [Netlist 29-17] Analyzing 384 Unisim elements for replacement
INFO: [Netlist 29-28] Unisim Transformation completed in 0 CPU seconds
INFO: [Project 1-570] Preparing netlist for logic optimization
INFO: [Opt 31-138] Pushed 0 inverter(s) to 0 load pin(s).
Netlist sorting complete. Time (s): cpu = 00:00:00 ; elapsed = 00:00:00.001 . Memory (MB): peak = 1906.137 ; gain = 0.000
INFO: [Project 1-111] Unisim Transformation Summary:
No Unisim elements were transformed.

Synth Design complete | Checksum: 27c77b27
INFO: [Common 17-83] Releasing license: Synthesis
50 Infos, 8 Warnings, 0 Critical Warnings and 0 Errors encountered.
synth_design completed successfully
synth_design: Time (s): cpu = 00:00:54 ; elapsed = 00:01:10 . Memory (MB): peak = 1906.137 ; gain = 1283.492
Write ShapeDB Complete: Time (s): cpu = 00:00:00 ; elapsed = 00:00:00.006 . Memory (MB): peak = 1906.137 ; gain = 0.000
INFO: [Common 17-1381] The checkpoint 'C:/Users/jatin/AES_128_CORE/AES_128_CORE.runs/synth_1/aes_system_top.dcp' has been generated.
INFO: [Vivado 12-24828] Executing command : report_utilization -file aes_system_top_utilization_synth.rpt -pb aes_system_top_utilization_synth.pb
INFO: [Common 17-206] Exiting Vivado at Wed May 20 23:34:24 2026...
